#! c:/iverilog-x64/bin/vvp
:ivl_version "10.1 (stable)" "(v10_1_1)";
:ivl_delay_selection "TYPICAL";
:vpi_time_precision - 10;
:vpi_module "system";
:vpi_module "vhdl_sys";
:vpi_module "v2005_math";
:vpi_module "va_math";
S_0000000004726c80 .scope module, "sar_logic_tb" "sar_logic_tb" 2 3;
 .timescale -9 -10;
v00000000047bcd20_0 .var "clk", 0 0;
v00000000047bb880_0 .net "cmp_clk", 0 0, v00000000047536e0_0;  1 drivers
v00000000047bb420_0 .var "cmp_out", 0 0;
v00000000047bb920_0 .var "cnvst", 0 0;
v00000000047bcc80_0 .net "eoc", 0 0, v0000000004754220_0;  1 drivers
v00000000047bb9c0_0 .net "fine_sca1_btm", 8 0, v0000000004753fa0_0;  1 drivers
v00000000047bc000_0 .net "fine_sca1_btm_not", 8 0, L_000000000472fe50;  1 drivers
v00000000047bc320_0 .net "fine_sca1_top", 8 0, v00000000047540e0_0;  1 drivers
v00000000047bb100_0 .net "fine_sca1_top_not", 8 0, L_000000000472fad0;  1 drivers
v00000000047bc500_0 .net "fine_sca2_btm", 8 0, v0000000004753be0_0;  1 drivers
v00000000047bb2e0_0 .net "fine_sca2_btm_not", 8 0, L_000000000472fb40;  1 drivers
v00000000047bb6a0_0 .net "fine_sca2_top", 8 0, v0000000004754360_0;  1 drivers
v00000000047bcdc0_0 .net "fine_sca2_top_not", 8 0, L_000000000472fd70;  1 drivers
v00000000047bbec0_0 .net "fine_switch_S", 0 0, v00000000047bb1a0_0;  1 drivers
v00000000047bb560_0 .net "fine_switch_S_not", 0 0, L_0000000004730010;  1 drivers
v00000000047bcf00_0 .var "rst", 0 0;
v00000000047bbd80_0 .net "s_clk", 0 0, v00000000047bc1e0_0;  1 drivers
v00000000047bc3c0_0 .net "s_clk_not", 0 0, L_000000000472ffa0;  1 drivers
v00000000047bbf60_0 .net "sar", 7 0, v00000000047bbba0_0;  1 drivers
S_0000000004726e00 .scope module, "test" "sar_logic" 2 27, 3 1 0, S_0000000004726c80;
 .timescale 0 0;
    .port_info 0 /INPUT 1 "clk"
    .port_info 1 /INPUT 1 "rst"
    .port_info 2 /INPUT 1 "cnvst"
    .port_info 3 /INPUT 1 "cmp_out"
    .port_info 4 /OUTPUT 8 "sar"
    .port_info 5 /OUTPUT 1 "eoc"
    .port_info 6 /OUTPUT 1 "cmp_clk"
    .port_info 7 /OUTPUT 1 "s_clk"
    .port_info 8 /OUTPUT 9 "fine_sca1_top"
    .port_info 9 /OUTPUT 9 "fine_sca1_btm"
    .port_info 10 /OUTPUT 9 "fine_sca2_top"
    .port_info 11 /OUTPUT 9 "fine_sca2_btm"
    .port_info 12 /OUTPUT 1 "fine_switch_S"
    .port_info 13 /OUTPUT 1 "s_clk_not"
    .port_info 14 /OUTPUT 9 "fine_sca1_top_not"
    .port_info 15 /OUTPUT 9 "fine_sca1_btm_not"
    .port_info 16 /OUTPUT 9 "fine_sca2_top_not"
    .port_info 17 /OUTPUT 9 "fine_sca2_btm_not"
    .port_info 18 /OUTPUT 1 "fine_switch_S_not"
P_0000000004746900 .param/l "S_bndset" 0 3 29, C4<011>;
P_0000000004746938 .param/l "S_coarse" 0 3 28, C4<010>;
P_0000000004746970 .param/l "S_comprst" 0 3 27, C4<001>;
P_00000000047469a8 .param/l "S_fine" 0 3 31, C4<101>;
P_00000000047469e0 .param/l "S_swtop" 0 3 30, C4<100>;
P_0000000004746a18 .param/l "S_wait" 0 3 26, C4<000>;
L_000000000472ffa0 .functor NOT 1, v00000000047bc1e0_0, C4<0>, C4<0>, C4<0>;
L_000000000472fad0 .functor NOT 9, v00000000047540e0_0, C4<000000000>, C4<000000000>, C4<000000000>;
L_000000000472fe50 .functor NOT 9, v0000000004753fa0_0, C4<000000000>, C4<000000000>, C4<000000000>;
L_000000000472fd70 .functor NOT 9, v0000000004754360_0, C4<000000000>, C4<000000000>, C4<000000000>;
L_000000000472fb40 .functor NOT 9, v0000000004753be0_0, C4<000000000>, C4<000000000>, C4<000000000>;
L_0000000004730010 .functor NOT 1, v00000000047bb1a0_0, C4<0>, C4<0>, C4<0>;
v0000000004754400_0 .var "b_coarse", 3 0;
v0000000004753640_0 .var "b_fine", 3 0;
v0000000004753b40_0 .var "bndset", 0 0;
v00000000047538c0_0 .net "clk", 0 0, v00000000047bcd20_0;  1 drivers
v00000000047536e0_0 .var "cmp_clk", 0 0;
v00000000047544a0_0 .net "cmp_out", 0 0, v00000000047bb420_0;  1 drivers
v0000000004753780_0 .net "cnvst", 0 0, v00000000047bb920_0;  1 drivers
v0000000004754220_0 .var "eoc", 0 0;
v0000000004753fa0_0 .var "fine_sca1_btm", 8 0;
v0000000004753d20_0 .net "fine_sca1_btm_not", 8 0, L_000000000472fe50;  alias, 1 drivers
v00000000047540e0_0 .var "fine_sca1_top", 8 0;
v0000000004753e60_0 .net "fine_sca1_top_not", 8 0, L_000000000472fad0;  alias, 1 drivers
v0000000004753c80_0 .var "fine_sca1_top_wait", 8 0;
v0000000004753be0_0 .var "fine_sca2_btm", 8 0;
v0000000004753dc0_0 .net "fine_sca2_btm_not", 8 0, L_000000000472fb40;  alias, 1 drivers
v0000000004754360_0 .var "fine_sca2_top", 8 0;
v0000000004754540_0 .net "fine_sca2_top_not", 8 0, L_000000000472fd70;  alias, 1 drivers
v0000000004753820_0 .var "fine_sca2_top_wait", 8 0;
v00000000047bb1a0_0 .var "fine_switch_S", 0 0;
v00000000047bb4c0_0 .net "fine_switch_S_not", 0 0, L_0000000004730010;  alias, 1 drivers
v00000000047bb380_0 .var "fine_up", 0 0;
v00000000047bc140_0 .net "rst", 0 0, v00000000047bcf00_0;  1 drivers
v00000000047bc1e0_0 .var "s_clk", 0 0;
v00000000047bc5a0_0 .net "s_clk_not", 0 0, L_000000000472ffa0;  alias, 1 drivers
v00000000047bbba0_0 .var "sar", 7 0;
v00000000047bc280_0 .var "state", 3 0;
E_0000000004764240 .event posedge, v00000000047538c0_0;
E_0000000004764140 .event edge, v00000000047bc140_0, v00000000047bc280_0;
    .scope S_0000000004726e00;
T_0 ;
    %wait E_0000000004764240;
    %load/vec4 v00000000047bc140_0;
    %flag_set/vec4 8;
    %jmp/0xz  T_0.0, 8;
    %pushi/vec4 0, 0, 4;
    %assign/vec4 v00000000047bc280_0, 0;
    %jmp T_0.1;
T_0.0 ;
    %load/vec4 v00000000047bc280_0;
    %dup/vec4;
    %pushi/vec4 0, 0, 4;
    %cmp/u;
    %jmp/1 T_0.2, 6;
    %dup/vec4;
    %pushi/vec4 1, 0, 4;
    %cmp/u;
    %jmp/1 T_0.3, 6;
    %dup/vec4;
    %pushi/vec4 2, 0, 4;
    %cmp/u;
    %jmp/1 T_0.4, 6;
    %dup/vec4;
    %pushi/vec4 3, 0, 4;
    %cmp/u;
    %jmp/1 T_0.5, 6;
    %dup/vec4;
    %pushi/vec4 4, 0, 4;
    %cmp/u;
    %jmp/1 T_0.6, 6;
    %dup/vec4;
    %pushi/vec4 5, 0, 4;
    %cmp/u;
    %jmp/1 T_0.7, 6;
    %jmp T_0.8;
T_0.2 ;
    %load/vec4 v0000000004753780_0;
    %flag_set/vec4 8;
    %jmp/0xz  T_0.9, 8;
    %pushi/vec4 1, 0, 4;
    %assign/vec4 v00000000047bc280_0, 0;
    %jmp T_0.10;
T_0.9 ;
    %pushi/vec4 0, 0, 4;
    %assign/vec4 v00000000047bc280_0, 0;
T_0.10 ;
    %jmp T_0.8;
T_0.3 ;
    %load/vec4 v0000000004754400_0;
    %cmpi/ne 0, 0, 4;
    %jmp/0xz  T_0.11, 4;
    %pushi/vec4 2, 0, 4;
    %assign/vec4 v00000000047bc280_0, 0;
    %jmp T_0.12;
T_0.11 ;
    %load/vec4 v0000000004753b40_0;
    %flag_set/vec4 8;
    %jmp/0xz  T_0.13, 8;
    %pushi/vec4 3, 0, 4;
    %assign/vec4 v00000000047bc280_0, 0;
    %jmp T_0.14;
T_0.13 ;
    %pushi/vec4 5, 0, 4;
    %assign/vec4 v00000000047bc280_0, 0;
T_0.14 ;
T_0.12 ;
    %jmp T_0.8;
T_0.4 ;
    %load/vec4 v0000000004754400_0;
    %pad/u 32;
    %cmpi/e 0, 0, 32;
    %jmp/0xz  T_0.15, 4;
    %pushi/vec4 3, 0, 4;
    %assign/vec4 v00000000047bc280_0, 0;
    %jmp T_0.16;
T_0.15 ;
    %pushi/vec4 1, 0, 4;
    %assign/vec4 v00000000047bc280_0, 0;
T_0.16 ;
    %jmp T_0.8;
T_0.5 ;
    %load/vec4 v0000000004753b40_0;
    %flag_set/vec4 8;
    %jmp/0xz  T_0.17, 8;
    %pushi/vec4 3, 0, 4;
    %assign/vec4 v00000000047bc280_0, 0;
    %jmp T_0.18;
T_0.17 ;
    %pushi/vec4 4, 0, 4;
    %assign/vec4 v00000000047bc280_0, 0;
T_0.18 ;
    %jmp T_0.8;
T_0.6 ;
    %pushi/vec4 1, 0, 4;
    %assign/vec4 v00000000047bc280_0, 0;
    %jmp T_0.8;
T_0.7 ;
    %load/vec4 v0000000004753640_0;
    %pad/u 32;
    %cmpi/e 0, 0, 32;
    %jmp/0xz  T_0.19, 4;
    %pushi/vec4 0, 0, 4;
    %assign/vec4 v00000000047bc280_0, 0;
    %jmp T_0.20;
T_0.19 ;
    %pushi/vec4 1, 0, 4;
    %assign/vec4 v00000000047bc280_0, 0;
T_0.20 ;
    %jmp T_0.8;
T_0.8 ;
    %pop/vec4 1;
T_0.1 ;
    %jmp T_0;
    .thread T_0;
    .scope S_0000000004726e00;
T_1 ;
    %wait E_0000000004764240;
    %load/vec4 v00000000047bc140_0;
    %flag_set/vec4 8;
    %jmp/0xz  T_1.0, 8;
    %pushi/vec4 0, 0, 1;
    %assign/vec4 v0000000004754220_0, 0;
    %jmp T_1.1;
T_1.0 ;
    %load/vec4 v0000000004753640_0;
    %pad/u 32;
    %pushi/vec4 0, 0, 32;
    %cmp/e;
    %flag_get/vec4 4;
    %load/vec4 v00000000047bc280_0;
    %pushi/vec4 5, 0, 4;
    %cmp/e;
    %flag_get/vec4 4;
    %and;
    %flag_set/vec4 8;
    %jmp/0xz  T_1.2, 8;
    %pushi/vec4 1, 0, 1;
    %assign/vec4 v0000000004754220_0, 0;
    %jmp T_1.3;
T_1.2 ;
    %pushi/vec4 0, 0, 1;
    %assign/vec4 v0000000004754220_0, 0;
T_1.3 ;
T_1.1 ;
    %jmp T_1;
    .thread T_1;
    .scope S_0000000004726e00;
T_2 ;
    %wait E_0000000004764240;
    %load/vec4 v00000000047bc140_0;
    %flag_set/vec4 8;
    %jmp/0xz  T_2.0, 8;
    %pushi/vec4 1, 0, 1;
    %assign/vec4 v0000000004753b40_0, 0;
    %jmp T_2.1;
T_2.0 ;
    %load/vec4 v00000000047bc280_0;
    %dup/vec4;
    %pushi/vec4 0, 0, 4;
    %cmp/u;
    %jmp/1 T_2.2, 6;
    %dup/vec4;
    %pushi/vec4 3, 0, 4;
    %cmp/u;
    %jmp/1 T_2.3, 6;
    %jmp T_2.4;
T_2.2 ;
    %pushi/vec4 1, 0, 1;
    %assign/vec4 v0000000004753b40_0, 0;
    %jmp T_2.4;
T_2.3 ;
    %pushi/vec4 0, 0, 1;
    %assign/vec4 v0000000004753b40_0, 0;
    %jmp T_2.4;
T_2.4 ;
    %pop/vec4 1;
T_2.1 ;
    %jmp T_2;
    .thread T_2;
    .scope S_0000000004726e00;
T_3 ;
    %wait E_0000000004764240;
    %load/vec4 v00000000047bc140_0;
    %flag_set/vec4 8;
    %jmp/0xz  T_3.0, 8;
    %pushi/vec4 0, 0, 4;
    %assign/vec4 v0000000004754400_0, 0;
    %jmp T_3.1;
T_3.0 ;
    %load/vec4 v00000000047bc280_0;
    %dup/vec4;
    %pushi/vec4 0, 0, 4;
    %cmp/u;
    %jmp/1 T_3.2, 6;
    %dup/vec4;
    %pushi/vec4 2, 0, 4;
    %cmp/u;
    %jmp/1 T_3.3, 6;
    %jmp T_3.4;
T_3.2 ;
    %pushi/vec4 3, 0, 4;
    %assign/vec4 v0000000004754400_0, 0;
    %jmp T_3.4;
T_3.3 ;
    %load/vec4 v0000000004754400_0;
    %cmpi/ne 0, 0, 4;
    %jmp/0xz  T_3.5, 4;
    %load/vec4 v0000000004754400_0;
    %subi 1, 0, 4;
    %assign/vec4 v0000000004754400_0, 0;
T_3.5 ;
    %jmp T_3.4;
T_3.4 ;
    %pop/vec4 1;
T_3.1 ;
    %jmp T_3;
    .thread T_3;
    .scope S_0000000004726e00;
T_4 ;
    %wait E_0000000004764240;
    %load/vec4 v00000000047bc140_0;
    %flag_set/vec4 8;
    %jmp/0xz  T_4.0, 8;
    %pushi/vec4 0, 0, 4;
    %assign/vec4 v0000000004753640_0, 0;
    %jmp T_4.1;
T_4.0 ;
    %load/vec4 v00000000047bc280_0;
    %dup/vec4;
    %pushi/vec4 0, 0, 4;
    %cmp/u;
    %jmp/1 T_4.2, 6;
    %dup/vec4;
    %pushi/vec4 5, 0, 4;
    %cmp/u;
    %jmp/1 T_4.3, 6;
    %jmp T_4.4;
T_4.2 ;
    %pushi/vec4 3, 0, 4;
    %assign/vec4 v0000000004753640_0, 0;
    %jmp T_4.4;
T_4.3 ;
    %load/vec4 v0000000004753640_0;
    %cmpi/ne 0, 0, 4;
    %jmp/0xz  T_4.5, 4;
    %load/vec4 v0000000004753640_0;
    %subi 1, 0, 4;
    %assign/vec4 v0000000004753640_0, 0;
T_4.5 ;
    %jmp T_4.4;
T_4.4 ;
    %pop/vec4 1;
T_4.1 ;
    %jmp T_4;
    .thread T_4;
    .scope S_0000000004726e00;
T_5 ;
    %wait E_0000000004764140;
    %load/vec4 v00000000047bc140_0;
    %flag_set/vec4 8;
    %jmp/0xz  T_5.0, 8;
    %pushi/vec4 1, 0, 1;
    %assign/vec4 v00000000047bc1e0_0, 0;
    %jmp T_5.1;
T_5.0 ;
    %load/vec4 v00000000047bc280_0;
    %cmpi/e 0, 0, 4;
    %jmp/0xz  T_5.2, 4;
    %pushi/vec4 1, 0, 1;
    %assign/vec4 v00000000047bc1e0_0, 0;
    %jmp T_5.3;
T_5.2 ;
    %pushi/vec4 0, 0, 1;
    %assign/vec4 v00000000047bc1e0_0, 0;
T_5.3 ;
T_5.1 ;
    %jmp T_5;
    .thread T_5, $push;
    .scope S_0000000004726e00;
T_6 ;
    %wait E_0000000004764240;
    %load/vec4 v00000000047bc140_0;
    %flag_set/vec4 8;
    %jmp/0xz  T_6.0, 8;
    %pushi/vec4 0, 0, 1;
    %assign/vec4 v00000000047536e0_0, 0;
    %jmp T_6.1;
T_6.0 ;
    %load/vec4 v00000000047bc280_0;
    %cmpi/e 1, 0, 4;
    %jmp/0xz  T_6.2, 4;
    %pushi/vec4 1, 0, 1;
    %assign/vec4 v00000000047536e0_0, 0;
    %jmp T_6.3;
T_6.2 ;
    %pushi/vec4 0, 0, 1;
    %assign/vec4 v00000000047536e0_0, 0;
T_6.3 ;
T_6.1 ;
    %jmp T_6;
    .thread T_6;
    .scope S_0000000004726e00;
T_7 ;
    %wait E_0000000004764240;
    %load/vec4 v00000000047bc140_0;
    %flag_set/vec4 8;
    %jmp/0xz  T_7.0, 8;
    %pushi/vec4 0, 0, 1;
    %assign/vec4 v00000000047bb380_0, 0;
    %jmp T_7.1;
T_7.0 ;
    %load/vec4 v00000000047bc280_0;
    %pushi/vec4 3, 0, 4;
    %cmp/e;
    %flag_get/vec4 4;
    %load/vec4 v0000000004753b40_0;
    %and;
    %load/vec4 v00000000047544a0_0;
    %and;
    %flag_set/vec4 8;
    %jmp/0xz  T_7.2, 8;
    %pushi/vec4 1, 0, 1;
    %assign/vec4 v00000000047bb380_0, 0;
T_7.2 ;
T_7.1 ;
    %jmp T_7;
    .thread T_7;
    .scope S_0000000004726e00;
T_8 ;
    %wait E_0000000004764240;
    %load/vec4 v00000000047bc140_0;
    %flag_set/vec4 8;
    %jmp/0xz  T_8.0, 8;
    %pushi/vec4 0, 0, 8;
    %assign/vec4 v00000000047bbba0_0, 0;
    %jmp T_8.1;
T_8.0 ;
    %load/vec4 v00000000047bc280_0;
    %dup/vec4;
    %pushi/vec4 0, 0, 4;
    %cmp/u;
    %jmp/1 T_8.2, 6;
    %dup/vec4;
    %pushi/vec4 2, 0, 4;
    %cmp/u;
    %jmp/1 T_8.3, 6;
    %dup/vec4;
    %pushi/vec4 3, 0, 4;
    %cmp/u;
    %jmp/1 T_8.4, 6;
    %dup/vec4;
    %pushi/vec4 5, 0, 4;
    %cmp/u;
    %jmp/1 T_8.5, 6;
    %jmp T_8.6;
T_8.2 ;
    %pushi/vec4 128, 0, 8;
    %assign/vec4 v00000000047bbba0_0, 0;
    %jmp T_8.6;
T_8.3 ;
    %load/vec4 v00000000047544a0_0;
    %pad/u 32;
    %cmpi/e 0, 0, 32;
    %jmp/0xz  T_8.7, 4;
    %pushi/vec4 0, 0, 1;
    %ix/load 5, 0, 0;
    %load/vec4 v0000000004754400_0;
    %addi 4, 0, 4;
    %ix/vec4 4;
    %assign/vec4/off/d v00000000047bbba0_0, 4, 5;
T_8.7 ;
    %load/vec4 v0000000004754400_0;
    %cmpi/ne 0, 0, 4;
    %jmp/0xz  T_8.9, 4;
    %pushi/vec4 1, 0, 1;
    %ix/load 5, 0, 0;
    %load/vec4 v0000000004754400_0;
    %addi 3, 0, 4;
    %ix/vec4 4;
    %assign/vec4/off/d v00000000047bbba0_0, 4, 5;
T_8.9 ;
    %jmp T_8.6;
T_8.4 ;
    %load/vec4 v00000000047544a0_0;
    %pad/u 32;
    %cmpi/e 0, 0, 32;
    %jmp/0xz  T_8.11, 4;
    %pushi/vec4 0, 0, 1;
    %ix/load 4, 4, 0;
    %ix/load 5, 0, 0;
    %flag_set/imm 4, 0;
    %assign/vec4/off/d v00000000047bbba0_0, 4, 5;
T_8.11 ;
    %pushi/vec4 1, 0, 1;
    %ix/load 4, 3, 0;
    %ix/load 5, 0, 0;
    %flag_set/imm 4, 0;
    %assign/vec4/off/d v00000000047bbba0_0, 4, 5;
    %jmp T_8.6;
T_8.5 ;
    %load/vec4 v00000000047544a0_0;
    %pad/u 32;
    %cmpi/e 0, 0, 32;
    %jmp/0xz  T_8.13, 4;
    %pushi/vec4 0, 0, 1;
    %ix/load 5, 0, 0;
    %ix/getv 4, v0000000004753640_0;
    %assign/vec4/off/d v00000000047bbba0_0, 4, 5;
T_8.13 ;
    %load/vec4 v0000000004753640_0;
    %cmpi/ne 0, 0, 4;
    %jmp/0xz  T_8.15, 4;
    %pushi/vec4 1, 0, 1;
    %ix/load 5, 0, 0;
    %load/vec4 v0000000004753640_0;
    %pad/u 32;
    %subi 1, 0, 32;
    %ix/vec4 4;
    %assign/vec4/off/d v00000000047bbba0_0, 4, 5;
T_8.15 ;
    %jmp T_8.6;
T_8.6 ;
    %pop/vec4 1;
T_8.1 ;
    %jmp T_8;
    .thread T_8;
    .scope S_0000000004726e00;
T_9 ;
    %wait E_0000000004764240;
    %load/vec4 v00000000047bc140_0;
    %flag_set/vec4 8;
    %jmp/0xz  T_9.0, 8;
    %pushi/vec4 511, 0, 9;
    %assign/vec4 v00000000047540e0_0, 0;
    %pushi/vec4 480, 0, 9;
    %assign/vec4 v0000000004753fa0_0, 0;
    %pushi/vec4 511, 0, 9;
    %assign/vec4 v0000000004754360_0, 0;
    %pushi/vec4 480, 0, 9;
    %assign/vec4 v0000000004753be0_0, 0;
    %pushi/vec4 0, 0, 1;
    %assign/vec4 v00000000047bb1a0_0, 0;
    %jmp T_9.1;
T_9.0 ;
    %load/vec4 v00000000047bc280_0;
    %dup/vec4;
    %pushi/vec4 0, 0, 4;
    %cmp/u;
    %jmp/1 T_9.2, 6;
    %dup/vec4;
    %pushi/vec4 2, 0, 4;
    %cmp/u;
    %jmp/1 T_9.3, 6;
    %dup/vec4;
    %pushi/vec4 3, 0, 4;
    %cmp/u;
    %jmp/1 T_9.4, 6;
    %dup/vec4;
    %pushi/vec4 4, 0, 4;
    %cmp/u;
    %jmp/1 T_9.5, 6;
    %dup/vec4;
    %pushi/vec4 5, 0, 4;
    %cmp/u;
    %jmp/1 T_9.6, 6;
    %jmp T_9.7;
T_9.2 ;
    %pushi/vec4 511, 0, 9;
    %assign/vec4 v00000000047540e0_0, 0;
    %pushi/vec4 480, 0, 9;
    %assign/vec4 v0000000004753fa0_0, 0;
    %pushi/vec4 511, 0, 9;
    %assign/vec4 v0000000004754360_0, 0;
    %pushi/vec4 0, 0, 9;
    %assign/vec4 v0000000004753be0_0, 0;
    %pushi/vec4 0, 0, 1;
    %assign/vec4 v00000000047bb1a0_0, 0;
    %pushi/vec4 0, 0, 9;
    %assign/vec4 v0000000004753c80_0, 0;
    %pushi/vec4 0, 0, 9;
    %assign/vec4 v0000000004753820_0, 0;
    %jmp T_9.7;
T_9.3 ;
    %load/vec4 v0000000004754400_0;
    %dup/vec4;
    %pushi/vec4 3, 0, 4;
    %cmp/u;
    %jmp/1 T_9.8, 6;
    %dup/vec4;
    %pushi/vec4 2, 0, 4;
    %cmp/u;
    %jmp/1 T_9.9, 6;
    %dup/vec4;
    %pushi/vec4 1, 0, 4;
    %cmp/u;
    %jmp/1 T_9.10, 6;
    %dup/vec4;
    %pushi/vec4 0, 0, 4;
    %cmp/u;
    %jmp/1 T_9.11, 6;
    %jmp T_9.12;
T_9.8 ;
    %load/vec4 v00000000047544a0_0;
    %flag_set/vec4 8;
    %jmp/0xz  T_9.13, 8;
    %pushi/vec4 3, 0, 2;
    %ix/load 4, 3, 0;
    %ix/load 5, 0, 0;
    %flag_set/imm 4, 0;
    %assign/vec4/off/d v0000000004753fa0_0, 4, 5;
    %jmp T_9.14;
T_9.13 ;
    %pushi/vec4 0, 0, 1;
    %ix/load 4, 8, 0;
    %ix/load 5, 0, 0;
    %flag_set/imm 4, 0;
    %assign/vec4/off/d v0000000004753fa0_0, 4, 5;
T_9.14 ;
    %jmp T_9.12;
T_9.9 ;
    %load/vec4 v00000000047544a0_0;
    %flag_set/vec4 8;
    %jmp/0xz  T_9.15, 8;
    %pushi/vec4 1, 0, 1;
    %ix/load 4, 2, 0;
    %ix/load 5, 0, 0;
    %flag_set/imm 4, 0;
    %assign/vec4/off/d v0000000004753fa0_0, 4, 5;
    %jmp T_9.16;
T_9.15 ;
    %pushi/vec4 0, 0, 1;
    %ix/load 4, 7, 0;
    %ix/load 5, 0, 0;
    %flag_set/imm 4, 0;
    %assign/vec4/off/d v0000000004753fa0_0, 4, 5;
T_9.16 ;
    %jmp T_9.12;
T_9.10 ;
    %load/vec4 v00000000047544a0_0;
    %flag_set/vec4 8;
    %jmp/0xz  T_9.17, 8;
    %pushi/vec4 1, 0, 1;
    %ix/load 4, 1, 0;
    %ix/load 5, 0, 0;
    %flag_set/imm 4, 0;
    %assign/vec4/off/d v0000000004753fa0_0, 4, 5;
    %jmp T_9.18;
T_9.17 ;
    %pushi/vec4 0, 0, 1;
    %ix/load 4, 6, 0;
    %ix/load 5, 0, 0;
    %flag_set/imm 4, 0;
    %assign/vec4/off/d v0000000004753fa0_0, 4, 5;
T_9.18 ;
    %jmp T_9.12;
T_9.11 ;
    %load/vec4 v00000000047544a0_0;
    %flag_set/vec4 8;
    %jmp/0xz  T_9.19, 8;
    %pushi/vec4 3, 0, 2;
    %ix/load 4, 3, 0;
    %ix/load 5, 0, 0;
    %flag_set/imm 4, 0;
    %assign/vec4/off/d v0000000004753fa0_0, 4, 5;
    %jmp T_9.20;
T_9.19 ;
    %pushi/vec4 3, 0, 2;
    %ix/load 4, 3, 0;
    %ix/load 5, 0, 0;
    %flag_set/imm 4, 0;
    %assign/vec4/off/d v0000000004753fa0_0, 4, 5;
T_9.20 ;
    %jmp T_9.12;
T_9.12 ;
    %pop/vec4 1;
    %jmp T_9.7;
T_9.4 ;
    %load/vec4 v0000000004753b40_0;
    %dup/vec4;
    %pushi/vec4 1, 0, 1;
    %cmp/u;
    %jmp/1 T_9.21, 6;
    %dup/vec4;
    %pushi/vec4 0, 0, 1;
    %cmp/u;
    %jmp/1 T_9.22, 6;
    %jmp T_9.23;
T_9.21 ;
    %load/vec4 v00000000047544a0_0;
    %flag_set/vec4 8;
    %jmp/0xz  T_9.24, 8;
    %load/vec4 v0000000004753fa0_0;
    %parti/s 8, 1, 2;
    %ix/load 4, 1, 0;
    %ix/load 5, 0, 0;
    %flag_set/imm 4, 0;
    %assign/vec4/off/d v0000000004753be0_0, 4, 5;
    %pushi/vec4 1, 0, 1;
    %ix/load 4, 0, 0;
    %ix/load 5, 0, 0;
    %flag_set/imm 4, 0;
    %assign/vec4/off/d v0000000004753be0_0, 4, 5;
    %jmp T_9.25;
T_9.24 ;
    %load/vec4 v0000000004753fa0_0;
    %parti/s 3, 6, 4;
    %ix/load 4, 6, 0;
    %ix/load 5, 0, 0;
    %flag_set/imm 4, 0;
    %assign/vec4/off/d v0000000004753be0_0, 4, 5;
    %pushi/vec4 0, 0, 1;
    %ix/load 4, 5, 0;
    %ix/load 5, 0, 0;
    %flag_set/imm 4, 0;
    %assign/vec4/off/d v0000000004753be0_0, 4, 5;
    %load/vec4 v0000000004753fa0_0;
    %parti/s 5, 0, 2;
    %ix/load 4, 0, 0;
    %ix/load 5, 0, 0;
    %flag_set/imm 4, 0;
    %assign/vec4/off/d v0000000004753be0_0, 4, 5;
T_9.25 ;
    %jmp T_9.23;
T_9.22 ;
    %pushi/vec4 1, 0, 1;
    %assign/vec4 v00000000047bb1a0_0, 0;
    %jmp T_9.23;
T_9.23 ;
    %pop/vec4 1;
    %jmp T_9.7;
T_9.5 ;
    %pushi/vec4 2, 0, 9;
    %assign/vec4 v0000000004753c80_0, 0;
    %pushi/vec4 2, 0, 9;
    %assign/vec4 v0000000004753820_0, 0;
    %pushi/vec4 2, 0, 9;
    %assign/vec4 v00000000047540e0_0, 0;
    %pushi/vec4 2, 0, 9;
    %assign/vec4 v0000000004754360_0, 0;
    %jmp T_9.7;
T_9.6 ;
    %load/vec4 v0000000004753640_0;
    %dup/vec4;
    %pushi/vec4 3, 0, 4;
    %cmp/u;
    %jmp/1 T_9.26, 6;
    %dup/vec4;
    %pushi/vec4 2, 0, 4;
    %cmp/u;
    %jmp/1 T_9.27, 6;
    %dup/vec4;
    %pushi/vec4 1, 0, 4;
    %cmp/u;
    %jmp/1 T_9.28, 6;
    %jmp T_9.29;
T_9.26 ;
    %load/vec4 v00000000047544a0_0;
    %load/vec4 v00000000047bb380_0;
    %pad/u 32;
    %pushi/vec4 0, 0, 32;
    %cmp/e;
    %flag_get/vec4 4;
    %and;
    %flag_set/vec4 8;
    %load/vec4 v00000000047544a0_0;
    %pad/u 32;
    %pushi/vec4 0, 0, 32;
    %cmp/e;
    %flag_get/vec4 4;
    %load/vec4 v00000000047bb380_0;
    %and;
    %flag_set/vec4 9;
    %flag_or 9, 8;
    %jmp/0xz  T_9.30, 9;
    %pushi/vec4 3, 0, 2;
    %ix/load 4, 2, 0;
    %ix/load 5, 0, 0;
    %flag_set/imm 4, 0;
    %assign/vec4/off/d v0000000004753c80_0, 4, 5;
    %pushi/vec4 1, 0, 1;
    %ix/load 4, 8, 0;
    %ix/load 5, 0, 0;
    %flag_set/imm 4, 0;
    %assign/vec4/off/d v0000000004753c80_0, 4, 5;
    %pushi/vec4 1, 0, 1;
    %ix/load 4, 2, 0;
    %ix/load 5, 0, 0;
    %flag_set/imm 4, 0;
    %assign/vec4/off/d v00000000047540e0_0, 4, 5;
    %jmp T_9.31;
T_9.30 ;
    %pushi/vec4 3, 0, 2;
    %ix/load 4, 2, 0;
    %ix/load 5, 0, 0;
    %flag_set/imm 4, 0;
    %assign/vec4/off/d v0000000004753820_0, 4, 5;
    %pushi/vec4 1, 0, 1;
    %ix/load 4, 8, 0;
    %ix/load 5, 0, 0;
    %flag_set/imm 4, 0;
    %assign/vec4/off/d v0000000004753820_0, 4, 5;
    %pushi/vec4 1, 0, 1;
    %ix/load 4, 2, 0;
    %ix/load 5, 0, 0;
    %flag_set/imm 4, 0;
    %assign/vec4/off/d v0000000004754360_0, 4, 5;
T_9.31 ;
    %jmp T_9.29;
T_9.27 ;
    %load/vec4 v00000000047544a0_0;
    %load/vec4 v00000000047bb380_0;
    %pad/u 32;
    %pushi/vec4 0, 0, 32;
    %cmp/e;
    %flag_get/vec4 4;
    %and;
    %flag_set/vec4 8;
    %load/vec4 v00000000047544a0_0;
    %pad/u 32;
    %pushi/vec4 0, 0, 32;
    %cmp/e;
    %flag_get/vec4 4;
    %load/vec4 v00000000047bb380_0;
    %and;
    %flag_set/vec4 9;
    %flag_or 9, 8;
    %jmp/0xz  T_9.32, 9;
    %pushi/vec4 1, 0, 1;
    %ix/load 4, 7, 0;
    %ix/load 5, 0, 0;
    %flag_set/imm 4, 0;
    %assign/vec4/off/d v0000000004753c80_0, 4, 5;
    %pushi/vec4 1, 0, 1;
    %ix/load 4, 4, 0;
    %ix/load 5, 0, 0;
    %flag_set/imm 4, 0;
    %assign/vec4/off/d v0000000004753c80_0, 4, 5;
    %load/vec4 v0000000004753c80_0;
    %parti/s 1, 3, 3;
    %ix/load 4, 3, 0;
    %ix/load 5, 0, 0;
    %flag_set/imm 4, 0;
    %assign/vec4/off/d v00000000047540e0_0, 4, 5;
    %pushi/vec4 1, 0, 1;
    %ix/load 4, 4, 0;
    %ix/load 5, 0, 0;
    %flag_set/imm 4, 0;
    %assign/vec4/off/d v00000000047540e0_0, 4, 5;
    %jmp T_9.33;
T_9.32 ;
    %pushi/vec4 1, 0, 1;
    %ix/load 4, 7, 0;
    %ix/load 5, 0, 0;
    %flag_set/imm 4, 0;
    %assign/vec4/off/d v0000000004753820_0, 4, 5;
    %pushi/vec4 1, 0, 1;
    %ix/load 4, 4, 0;
    %ix/load 5, 0, 0;
    %flag_set/imm 4, 0;
    %assign/vec4/off/d v0000000004753820_0, 4, 5;
    %load/vec4 v0000000004753820_0;
    %parti/s 1, 3, 3;
    %ix/load 4, 3, 0;
    %ix/load 5, 0, 0;
    %flag_set/imm 4, 0;
    %assign/vec4/off/d v0000000004754360_0, 4, 5;
    %pushi/vec4 1, 0, 1;
    %ix/load 4, 4, 0;
    %ix/load 5, 0, 0;
    %flag_set/imm 4, 0;
    %assign/vec4/off/d v0000000004754360_0, 4, 5;
T_9.33 ;
    %jmp T_9.29;
T_9.28 ;
    %load/vec4 v00000000047544a0_0;
    %load/vec4 v00000000047bb380_0;
    %pad/u 32;
    %pushi/vec4 0, 0, 32;
    %cmp/e;
    %flag_get/vec4 4;
    %and;
    %flag_set/vec4 8;
    %load/vec4 v00000000047544a0_0;
    %pad/u 32;
    %pushi/vec4 0, 0, 32;
    %cmp/e;
    %flag_get/vec4 4;
    %load/vec4 v00000000047bb380_0;
    %and;
    %flag_set/vec4 9;
    %flag_or 9, 8;
    %jmp/0xz  T_9.34, 9;
    %pushi/vec4 3, 0, 2;
    %ix/load 4, 5, 0;
    %ix/load 5, 0, 0;
    %flag_set/imm 4, 0;
    %assign/vec4/off/d v0000000004753c80_0, 4, 5;
    %load/vec4 v0000000004753c80_0;
    %parti/s 2, 7, 4;
    %ix/load 4, 7, 0;
    %ix/load 5, 0, 0;
    %flag_set/imm 4, 0;
    %assign/vec4/off/d v00000000047540e0_0, 4, 5;
    %pushi/vec4 3, 0, 2;
    %ix/load 4, 5, 0;
    %ix/load 5, 0, 0;
    %flag_set/imm 4, 0;
    %assign/vec4/off/d v00000000047540e0_0, 4, 5;
    %jmp T_9.35;
T_9.34 ;
    %pushi/vec4 3, 0, 2;
    %ix/load 4, 5, 0;
    %ix/load 5, 0, 0;
    %flag_set/imm 4, 0;
    %assign/vec4/off/d v0000000004753820_0, 4, 5;
    %load/vec4 v0000000004753820_0;
    %parti/s 2, 7, 4;
    %ix/load 4, 7, 0;
    %ix/load 5, 0, 0;
    %flag_set/imm 4, 0;
    %assign/vec4/off/d v0000000004754360_0, 4, 5;
    %pushi/vec4 3, 0, 2;
    %ix/load 4, 5, 0;
    %ix/load 5, 0, 0;
    %flag_set/imm 4, 0;
    %assign/vec4/off/d v0000000004754360_0, 4, 5;
T_9.35 ;
    %jmp T_9.29;
T_9.29 ;
    %pop/vec4 1;
    %jmp T_9.7;
T_9.7 ;
    %pop/vec4 1;
T_9.1 ;
    %jmp T_9;
    .thread T_9;
    .scope S_0000000004726c80;
T_10 ;
    %delay 50, 0;
    %load/vec4 v00000000047bcd20_0;
    %nor/r;
    %store/vec4 v00000000047bcd20_0, 0, 1;
    %jmp T_10;
    .thread T_10;
    .scope S_0000000004726c80;
T_11 ;
    %vpi_call 2 34 "$dumpfile", "sar_logic.vcd" {0 0 0};
    %vpi_call 2 35 "$dumpvars", 32'sb00000000000000000000000000000000, S_0000000004726c80 {0 0 0};
    %pushi/vec4 0, 0, 1;
    %store/vec4 v00000000047bcd20_0, 0, 1;
    %pushi/vec4 1, 0, 1;
    %store/vec4 v00000000047bcf00_0, 0, 1;
    %pushi/vec4 0, 0, 1;
    %store/vec4 v00000000047bb920_0, 0, 1;
    %pushi/vec4 1, 0, 1;
    %store/vec4 v00000000047bb420_0, 0, 1;
    %delay 300, 0;
    %pushi/vec4 0, 0, 1;
    %store/vec4 v00000000047bcf00_0, 0, 1;
    %pushi/vec4 1, 0, 1;
    %store/vec4 v00000000047bb420_0, 0, 1;
    %pushi/vec4 1, 0, 1;
    %store/vec4 v00000000047bb920_0, 0, 1;
    %delay 200, 0;
    %pushi/vec4 0, 0, 1;
    %store/vec4 v00000000047bb920_0, 0, 1;
    %delay 3000, 0;
    %vpi_call 2 56 "$finish" {0 0 0};
    %end;
    .thread T_11;
# The file index is used to find the file name in the following table.
:file_names 4;
    "N/A";
    "<interactive>";
    "sar_logic_tb.v";
    "sar_logic.v";
