LPHVT 


                 Internal         Switching           Leakage            Total
Power Group      Power            Power               Power              Power   (   %    )  Attrs
--------------------------------------------------------------------------------------------------
io_pad             0.0000            0.0000            0.0000            0.0000  (   0.00%)
memory             0.0000            0.0000            0.0000            0.0000  (   0.00%)
black_box          0.0000            0.0000            0.0000            0.0000  (   0.00%)
clock_network      0.0000            0.0000            0.0000            0.0000  (   0.00%)
register       3.6764e-05        8.7628e-07        1.0101e-06        3.8651e-05  (  84.59%)
sequential         0.0000            0.0000            0.0000            0.0000  (   0.00%)
combinational  1.7037e-06        4.8685e-06        4.6925e-07        7.0414e-06  (  15.41%)
--------------------------------------------------------------------------------------------------
Total          3.8468e-05 mW     5.7447e-06 mW     1.4793e-06 mW     4.5692e-05 mW


set dont use

                 Internal         Switching           Leakage            Total
Power Group      Power            Power               Power              Power   (   %    )  Attrs
--------------------------------------------------------------------------------------------------
io_pad             0.0000            0.0000            0.0000            0.0000  (   0.00%)
memory             0.0000            0.0000            0.0000            0.0000  (   0.00%)
black_box          0.0000            0.0000            0.0000            0.0000  (   0.00%)
clock_network      0.0000            0.0000            0.0000            0.0000  (   0.00%)
register           0.0000        9.3921e-07            0.0000        9.3921e-07  (  15.70%)
sequential         0.0000            0.0000            0.0000            0.0000  (   0.00%)
combinational  1.8411e-06        2.6062e-06        5.9404e-07        5.0414e-06  (  84.30%)
--------------------------------------------------------------------------------------------------
Total          1.8411e-06 mW     3.5454e-06 mW     5.9404e-07 mW     5.9806e-06 mW

NAND ar NOR lang 

                 Internal         Switching           Leakage            Total
Power Group      Power            Power               Power              Power   (   %    )  Attrs
--------------------------------------------------------------------------------------------------
io_pad             0.0000            0.0000            0.0000            0.0000  (   0.00%)
memory             0.0000            0.0000            0.0000            0.0000  (   0.00%)
black_box          0.0000            0.0000            0.0000            0.0000  (   0.00%)
clock_network      0.0000            0.0000            0.0000            0.0000  (   0.00%)
register           0.0000        7.5773e-07            0.0000        7.5773e-07  (  13.29%)
sequential         0.0000            0.0000            0.0000            0.0000  (   0.00%)
combinational  1.6416e-06        2.7192e-06        5.8361e-07        4.9444e-06  (  86.71%)
--------------------------------------------------------------------------------------------------
Total          1.6416e-06 mW     3.4770e-06 mW     5.8361e-07 mW     5.7021e-06 mW